<?xml version="1.0" encoding="UTF-8"?>
<!-- Generated by org.testng.reporters.JUnitXMLReporter -->
<testsuite hostname="DESKTOP-VO08QMD" ignored="0" name="Test1" tests="3" failures="2" timestamp="24 Jun 2021 05:50:13 GMT" time="28.746" errors="0">
  <testcase name="Search" time="7.88" classname="com.qa.testscript.TC_Reliance_01">
    <failure type="java.lang.AssertionError" message="expected [true] but found [false]">
      <![CDATA[java.lang.AssertionError: expected [true] but found [false]
	at com.qa.testscript.TC_Reliance_01.Search(TC_Reliance_01.java:56)
... Removed 29 stack frames]]>
    </failure>
  </testcase> <!-- Search -->
  <testcase name="Search" time="7.265" classname="com.qa.testscript.TC_Reliance_01">
    <failure type="java.lang.AssertionError" message="expected [true] but found [false]">
      <![CDATA[java.lang.AssertionError: expected [true] but found [false]
	at com.qa.testscript.TC_Reliance_01.Search(TC_Reliance_01.java:56)
... Removed 29 stack frames]]>
    </failure>
  </testcase> <!-- Search -->
  <testcase name="FooterLinks" time="0.175" classname="com.qa.testscript.TC_Reliance_02"/>
</testsuite> <!-- Test1 -->
