<?xml version="1.0" encoding="UTF-8"?>
<testng-results skipped="0" failed="2" ignored="0" total="3" passed="1">
  <reporter-output>
    <line>
      <![CDATA[Apple iPhone 12 Pro 512 GB, Graphite]]>
    </line>
    <line>
      <![CDATA[Apple iPhone 12 Pro 128 GB, Gold]]>
    </line>
    <line>
      <![CDATA[Apple iPhone 12 Pro 256 GB, Gold]]>
    </line>
    <line>
      <![CDATA[Apple iPhone 12 Pro 256 GB, Pacific Blue]]>
    </line>
    <line>
      <![CDATA[Apple iPhone 12 Pro 128 GB, Pacific Blue]]>
    </line>
    <line>
      <![CDATA[Apple iPhone 11 Pro 64 GB, Gold (Includes Earpods and Adapter)]]>
    </line>
    <line>
      <![CDATA[Apple iPhone 11 Pro 256 GB, Gold (Includes Earpods and Adapter)]]>
    </line>
    <line>
      <![CDATA[Apple iPhone 11 Pro Max 64 GB, Gold (Includes Earpods and Adapter)]]>
    </line>
    <line>
      <![CDATA[Apple iPhone 11 Pro Max 64 GB, Midnight Green (Includes Earpods and Adapter)]]>
    </line>
    <line>
      <![CDATA[Apple iPhone 11 Pro Max 64 GB, Space Grey (Includes Earpods and Adapter)]]>
    </line>
    <line>
      <![CDATA[Apple iPhone 11 Pro 64 GB, Space Grey (Includes Earpods and Adapter)]]>
    </line>
    <line>
      <![CDATA[Apple iPhone 11 Pro 64 GB, Midnight Green (Includes Earpods and Adapter)]]>
    </line>
    <line>
      <![CDATA[Apple iPhone 11 Pro 256 GB, Space Grey (Includes Earpods and Adapter)]]>
    </line>
    <line>
      <![CDATA[iPhone 12 & 12 Pro Clear Case with MagSafe]]>
    </line>
    <line>
      <![CDATA[Apple iPhone 12 Pro 256 GB, Graphite]]>
    </line>
    <line>
      <![CDATA[Apple iPhone 12 Pro 128 GB, Graphite]]>
    </line>
    <line>
      <![CDATA[iPhone 12 & 12 Pro Silicone Case with MagSafe - Kumquat]]>
    </line>
    <line>
      <![CDATA[iPhone 12 & 12 Pro Silicone Case with MagSafe - Deep Navy]]>
    </line>
    <line>
      <![CDATA[iPhone 12 & 12 Pro Silicone Case with MagSafe - Pink Citrus]]>
    </line>
    <line>
      <![CDATA[iPhone 12 & 12 Pro Silicone Case with MagSafe - Plum]]>
    </line>
    <line>
      <![CDATA[iPhone 12 & 12 Pro Silicone Case with MagSafe - Black]]>
    </line>
    <line>
      <![CDATA[iPhone 12 & 12 Pro Silicone Case with MagSafe - White]]>
    </line>
    <line>
      <![CDATA[iPhone 12 & 12 Pro Silicone Case with MagSafe - (PRODUCT)RED]]>
    </line>
    <line>
      <![CDATA[Apple iPhone 12 Pro Max 256 GB, Pacific Blue]]>
    </line>
    <line>
      <![CDATA[Item is not searched]]>
    </line>
    <line>
      <![CDATA[OnePlus 9 256 GB, 12 GB RAM, Arctic Sky, Smartphone]]>
    </line>
    <line>
      <![CDATA[OnePlus 9R 256 GB, 12 GB RAM, Carbon Black, Smartphone]]>
    </line>
    <line>
      <![CDATA[OnePlus 9R 256 GB, 12 GB RAM, Lake Blue, Smartphone]]>
    </line>
    <line>
      <![CDATA[OnePlus 9 128 GB, 8 GB RAM, Astral Black, Smartphone]]>
    </line>
    <line>
      <![CDATA[OnePlus 9 Pro 128 GB, 8 GB RAM, Stellar Black, Smartphone]]>
    </line>
    <line>
      <![CDATA[OnePlus 9R 128 GB, 8 GB RAM, Lake Blue, Smartphone]]>
    </line>
    <line>
      <![CDATA[OnePlus 9R 128 GB, 8 GB RAM, Carbon Black, Smartphone]]>
    </line>
    <line>
      <![CDATA[OnePlus 9 128 GB, 8 GB RAM, Arctic Sky, Smartphone]]>
    </line>
    <line>
      <![CDATA[OnePlus 9 Pro 256 GB, 12 GB RAM, Stellar Black, Smartphone]]>
    </line>
    <line>
      <![CDATA[OnePlus 9 Pro 128 GB, 8 GB RAM, Morning Mist, Smartphone]]>
    </line>
    <line>
      <![CDATA[OnePlus 9 Pro 128 GB, 8 GB RAM, Pine Green, Smartphone]]>
    </line>
    <line>
      <![CDATA[OnePlus 9 Pro 256 GB, 12 GB RAM, Morning Mist, Smartphone]]>
    </line>
    <line>
      <![CDATA[OnePlus 9 Pro 256 GB, 12 GB RAM, Pine Green, Smartphone]]>
    </line>
    <line>
      <![CDATA[OnePlus 9 256 GB, 12 GB RAM, Winter Mist, Smartphone]]>
    </line>
    <line>
      <![CDATA[OnePlus 9 256 GB, 12 GB RAM, Astral Black, Smartphone]]>
    </line>
    <line>
      <![CDATA[Item is not searched]]>
    </line>
    <line>
      <![CDATA[PRODUCT CATEGORIES
Smartphones
Laptops
DSLR Cameras
Televisions
Air Conditioners
Refrigerators
Kitchen Appliances
Accessories
Personal Care & Grooming
SITE INFO
About Reliance Digital
resQ Services
Site Map
Gift Cards
Corporate Enquires
Contact Us
RESOURCE CENTRE
Product Reviews
Buying Guides
How Tos
Featured Stories
Events & Happenings
POLICIES
Terms of use
Cancellations & Returns
Privacy policy
E-waste policy
EMI Terms & Conditions
Pricing and Payments Policy]]>
    </line>
    <line>
      <![CDATA[FOLLOW US
EXPERIENCE RELIANCE DIGITAL APP ON MOBILE]]>
    </line>
    <line>
      <![CDATA[]]>
    </line>
  </reporter-output>
  <suite name="Suite" duration-ms="54579" started-at="2021-06-28T12:28:53 IST" finished-at="2021-06-28T12:29:47 IST">
    <groups>
    </groups>
    <test name="FunctionalTesting" duration-ms="54579" started-at="2021-06-28T12:28:53 IST" finished-at="2021-06-28T12:29:47 IST">
      <class name="com.qa.testscript.TC_Reliance_02">
        <test-method status="PASS" signature="setUp(java.lang.String, java.lang.String)[pri:0, instance:com.qa.testscript.TC_Reliance_02@31610302]" name="setUp" is-config="true" duration-ms="4743" started-at="2021-06-28T12:29:41 IST" finished-at="2021-06-28T12:29:46 IST">
          <params>
            <param index="0">
              <value>
                <![CDATA[chrome]]>
              </value>
            </param>
            <param index="1">
              <value>
                <![CDATA[https://www.reliancedigital.in/]]>
              </value>
            </param>
          </params>
          <reporter-output>
          </reporter-output>
        </test-method> <!-- setUp -->
        <test-method status="PASS" signature="FooterLinks()[pri:0, instance:com.qa.testscript.TC_Reliance_02@31610302]" name="FooterLinks" duration-ms="1071" started-at="2021-06-28T12:29:46 IST" finished-at="2021-06-28T12:29:47 IST">
          <reporter-output>
            <line>
              <![CDATA[PRODUCT CATEGORIES
Smartphones
Laptops
DSLR Cameras
Televisions
Air Conditioners
Refrigerators
Kitchen Appliances
Accessories
Personal Care & Grooming
SITE INFO
About Reliance Digital
resQ Services
Site Map
Gift Cards
Corporate Enquires
Contact Us
RESOURCE CENTRE
Product Reviews
Buying Guides
How Tos
Featured Stories
Events & Happenings
POLICIES
Terms of use
Cancellations & Returns
Privacy policy
E-waste policy
EMI Terms & Conditions
Pricing and Payments Policy]]>
            </line>
            <line>
              <![CDATA[FOLLOW US
EXPERIENCE RELIANCE DIGITAL APP ON MOBILE]]>
            </line>
            <line>
              <![CDATA[]]>
            </line>
          </reporter-output>
        </test-method> <!-- FooterLinks -->
        <test-method status="PASS" signature="tearDown()[pri:0, instance:com.qa.testscript.TC_Reliance_02@31610302]" name="tearDown" is-config="true" duration-ms="524" started-at="2021-06-28T12:29:47 IST" finished-at="2021-06-28T12:29:47 IST">
          <reporter-output>
          </reporter-output>
        </test-method> <!-- tearDown -->
      </class> <!-- com.qa.testscript.TC_Reliance_02 -->
      <class name="com.qa.testscript.TC_Reliance_01">
        <test-method status="PASS" signature="setUp(java.lang.String, java.lang.String)[pri:0, instance:com.qa.testscript.TC_Reliance_01@544fe44c]" name="setUp" is-config="true" duration-ms="18120" started-at="2021-06-28T12:28:53 IST" finished-at="2021-06-28T12:29:11 IST">
          <params>
            <param index="0">
              <value>
                <![CDATA[chrome]]>
              </value>
            </param>
            <param index="1">
              <value>
                <![CDATA[https://www.reliancedigital.in/]]>
              </value>
            </param>
          </params>
          <reporter-output>
          </reporter-output>
        </test-method> <!-- setUp -->
        <test-method status="FAIL" signature="Search(java.lang.String)[pri:0, instance:com.qa.testscript.TC_Reliance_01@544fe44c]" name="Search" duration-ms="8471" started-at="2021-06-28T12:29:21 IST" data-provider="getData" finished-at="2021-06-28T12:29:29 IST">
          <params>
            <param index="0">
              <value>
                <![CDATA[Iphone 12 pro]]>
              </value>
            </param>
          </params>
          <exception class="java.lang.AssertionError">
            <message>
              <![CDATA[expected [true] but found [false]]]>
            </message>
            <full-stacktrace>
              <![CDATA[java.lang.AssertionError: expected [true] but found [false]
at org.testng.Assert.fail(Assert.java:97)
at org.testng.Assert.failNotEquals(Assert.java:969)
at org.testng.Assert.assertTrue(Assert.java:43)
at org.testng.Assert.assertTrue(Assert.java:53)
at com.qa.testscript.TC_Reliance_01.Search(TC_Reliance_01.java:49)
at sun.reflect.NativeMethodAccessorImpl.invoke0(Native Method)
at sun.reflect.NativeMethodAccessorImpl.invoke(NativeMethodAccessorImpl.java:62)
at sun.reflect.DelegatingMethodAccessorImpl.invoke(DelegatingMethodAccessorImpl.java:43)
at java.lang.reflect.Method.invoke(Method.java:498)
at org.testng.internal.MethodInvocationHelper.invokeMethod(MethodInvocationHelper.java:134)
at org.testng.internal.TestInvoker.invokeMethod(TestInvoker.java:597)
at org.testng.internal.TestInvoker.invokeTestMethod(TestInvoker.java:173)
at org.testng.internal.MethodRunner.runInSequence(MethodRunner.java:46)
at org.testng.internal.TestInvoker$MethodInvocationAgent.invoke(TestInvoker.java:816)
at org.testng.internal.TestInvoker.invokeTestMethods(TestInvoker.java:146)
at org.testng.internal.TestMethodWorker.invokeTestMethods(TestMethodWorker.java:146)
at org.testng.internal.TestMethodWorker.run(TestMethodWorker.java:128)
at java.util.ArrayList.forEach(ArrayList.java:1259)
at org.testng.TestRunner.privateRun(TestRunner.java:766)
at org.testng.TestRunner.run(TestRunner.java:587)
at org.testng.SuiteRunner.runTest(SuiteRunner.java:384)
at org.testng.SuiteRunner.runSequentially(SuiteRunner.java:378)
at org.testng.SuiteRunner.privateRun(SuiteRunner.java:337)
at org.testng.SuiteRunner.run(SuiteRunner.java:286)
at org.testng.SuiteRunnerWorker.runSuite(SuiteRunnerWorker.java:53)
at org.testng.SuiteRunnerWorker.run(SuiteRunnerWorker.java:96)
at org.testng.TestNG.runSuitesSequentially(TestNG.java:1187)
at org.testng.TestNG.runSuitesLocally(TestNG.java:1109)
at org.testng.TestNG.runSuites(TestNG.java:1039)
at org.testng.TestNG.run(TestNG.java:1007)
at org.apache.maven.surefire.testng.TestNGExecutor.run(TestNGExecutor.java:283)
at org.apache.maven.surefire.testng.TestNGXmlTestSuite.execute(TestNGXmlTestSuite.java:75)
at org.apache.maven.surefire.testng.TestNGProvider.invoke(TestNGProvider.java:120)
at org.apache.maven.surefire.booter.ForkedBooter.invokeProviderInSameClassLoader(ForkedBooter.java:384)
at org.apache.maven.surefire.booter.ForkedBooter.runSuitesInProcess(ForkedBooter.java:345)
at org.apache.maven.surefire.booter.ForkedBooter.execute(ForkedBooter.java:126)
at org.apache.maven.surefire.booter.ForkedBooter.main(ForkedBooter.java:418)
]]>
            </full-stacktrace>
          </exception> <!-- java.lang.AssertionError -->
          <reporter-output>
            <line>
              <![CDATA[Apple iPhone 12 Pro 512 GB, Graphite]]>
            </line>
            <line>
              <![CDATA[Apple iPhone 12 Pro 128 GB, Gold]]>
            </line>
            <line>
              <![CDATA[Apple iPhone 12 Pro 256 GB, Gold]]>
            </line>
            <line>
              <![CDATA[Apple iPhone 12 Pro 256 GB, Pacific Blue]]>
            </line>
            <line>
              <![CDATA[Apple iPhone 12 Pro 128 GB, Pacific Blue]]>
            </line>
            <line>
              <![CDATA[Apple iPhone 11 Pro 64 GB, Gold (Includes Earpods and Adapter)]]>
            </line>
            <line>
              <![CDATA[Apple iPhone 11 Pro 256 GB, Gold (Includes Earpods and Adapter)]]>
            </line>
            <line>
              <![CDATA[Apple iPhone 11 Pro Max 64 GB, Gold (Includes Earpods and Adapter)]]>
            </line>
            <line>
              <![CDATA[Apple iPhone 11 Pro Max 64 GB, Midnight Green (Includes Earpods and Adapter)]]>
            </line>
            <line>
              <![CDATA[Apple iPhone 11 Pro Max 64 GB, Space Grey (Includes Earpods and Adapter)]]>
            </line>
            <line>
              <![CDATA[Apple iPhone 11 Pro 64 GB, Space Grey (Includes Earpods and Adapter)]]>
            </line>
            <line>
              <![CDATA[Apple iPhone 11 Pro 64 GB, Midnight Green (Includes Earpods and Adapter)]]>
            </line>
            <line>
              <![CDATA[Apple iPhone 11 Pro 256 GB, Space Grey (Includes Earpods and Adapter)]]>
            </line>
            <line>
              <![CDATA[iPhone 12 & 12 Pro Clear Case with MagSafe]]>
            </line>
            <line>
              <![CDATA[Apple iPhone 12 Pro 256 GB, Graphite]]>
            </line>
            <line>
              <![CDATA[Apple iPhone 12 Pro 128 GB, Graphite]]>
            </line>
            <line>
              <![CDATA[iPhone 12 & 12 Pro Silicone Case with MagSafe - Kumquat]]>
            </line>
            <line>
              <![CDATA[iPhone 12 & 12 Pro Silicone Case with MagSafe - Deep Navy]]>
            </line>
            <line>
              <![CDATA[iPhone 12 & 12 Pro Silicone Case with MagSafe - Pink Citrus]]>
            </line>
            <line>
              <![CDATA[iPhone 12 & 12 Pro Silicone Case with MagSafe - Plum]]>
            </line>
            <line>
              <![CDATA[iPhone 12 & 12 Pro Silicone Case with MagSafe - Black]]>
            </line>
            <line>
              <![CDATA[iPhone 12 & 12 Pro Silicone Case with MagSafe - White]]>
            </line>
            <line>
              <![CDATA[iPhone 12 & 12 Pro Silicone Case with MagSafe - (PRODUCT)RED]]>
            </line>
            <line>
              <![CDATA[Apple iPhone 12 Pro Max 256 GB, Pacific Blue]]>
            </line>
            <line>
              <![CDATA[Item is not searched]]>
            </line>
          </reporter-output>
        </test-method> <!-- Search -->
        <test-method status="FAIL" signature="Search(java.lang.String)[pri:0, instance:com.qa.testscript.TC_Reliance_01@544fe44c]" name="Search" duration-ms="7325" started-at="2021-06-28T12:29:29 IST" data-provider="getData" finished-at="2021-06-28T12:29:37 IST">
          <params>
            <param index="0">
              <value>
                <![CDATA[oneplus 9r]]>
              </value>
            </param>
          </params>
          <exception class="java.lang.AssertionError">
            <message>
              <![CDATA[expected [true] but found [false]]]>
            </message>
            <full-stacktrace>
              <![CDATA[java.lang.AssertionError: expected [true] but found [false]
at org.testng.Assert.fail(Assert.java:97)
at org.testng.Assert.failNotEquals(Assert.java:969)
at org.testng.Assert.assertTrue(Assert.java:43)
at org.testng.Assert.assertTrue(Assert.java:53)
at com.qa.testscript.TC_Reliance_01.Search(TC_Reliance_01.java:49)
at sun.reflect.NativeMethodAccessorImpl.invoke0(Native Method)
at sun.reflect.NativeMethodAccessorImpl.invoke(NativeMethodAccessorImpl.java:62)
at sun.reflect.DelegatingMethodAccessorImpl.invoke(DelegatingMethodAccessorImpl.java:43)
at java.lang.reflect.Method.invoke(Method.java:498)
at org.testng.internal.MethodInvocationHelper.invokeMethod(MethodInvocationHelper.java:134)
at org.testng.internal.TestInvoker.invokeMethod(TestInvoker.java:597)
at org.testng.internal.TestInvoker.invokeTestMethod(TestInvoker.java:173)
at org.testng.internal.MethodRunner.runInSequence(MethodRunner.java:46)
at org.testng.internal.TestInvoker$MethodInvocationAgent.invoke(TestInvoker.java:816)
at org.testng.internal.TestInvoker.invokeTestMethods(TestInvoker.java:146)
at org.testng.internal.TestMethodWorker.invokeTestMethods(TestMethodWorker.java:146)
at org.testng.internal.TestMethodWorker.run(TestMethodWorker.java:128)
at java.util.ArrayList.forEach(ArrayList.java:1259)
at org.testng.TestRunner.privateRun(TestRunner.java:766)
at org.testng.TestRunner.run(TestRunner.java:587)
at org.testng.SuiteRunner.runTest(SuiteRunner.java:384)
at org.testng.SuiteRunner.runSequentially(SuiteRunner.java:378)
at org.testng.SuiteRunner.privateRun(SuiteRunner.java:337)
at org.testng.SuiteRunner.run(SuiteRunner.java:286)
at org.testng.SuiteRunnerWorker.runSuite(SuiteRunnerWorker.java:53)
at org.testng.SuiteRunnerWorker.run(SuiteRunnerWorker.java:96)
at org.testng.TestNG.runSuitesSequentially(TestNG.java:1187)
at org.testng.TestNG.runSuitesLocally(TestNG.java:1109)
at org.testng.TestNG.runSuites(TestNG.java:1039)
at org.testng.TestNG.run(TestNG.java:1007)
at org.apache.maven.surefire.testng.TestNGExecutor.run(TestNGExecutor.java:283)
at org.apache.maven.surefire.testng.TestNGXmlTestSuite.execute(TestNGXmlTestSuite.java:75)
at org.apache.maven.surefire.testng.TestNGProvider.invoke(TestNGProvider.java:120)
at org.apache.maven.surefire.booter.ForkedBooter.invokeProviderInSameClassLoader(ForkedBooter.java:384)
at org.apache.maven.surefire.booter.ForkedBooter.runSuitesInProcess(ForkedBooter.java:345)
at org.apache.maven.surefire.booter.ForkedBooter.execute(ForkedBooter.java:126)
at org.apache.maven.surefire.booter.ForkedBooter.main(ForkedBooter.java:418)
]]>
            </full-stacktrace>
          </exception> <!-- java.lang.AssertionError -->
          <reporter-output>
            <line>
              <![CDATA[OnePlus 9 256 GB, 12 GB RAM, Arctic Sky, Smartphone]]>
            </line>
            <line>
              <![CDATA[OnePlus 9R 256 GB, 12 GB RAM, Carbon Black, Smartphone]]>
            </line>
            <line>
              <![CDATA[OnePlus 9R 256 GB, 12 GB RAM, Lake Blue, Smartphone]]>
            </line>
            <line>
              <![CDATA[OnePlus 9 128 GB, 8 GB RAM, Astral Black, Smartphone]]>
            </line>
            <line>
              <![CDATA[OnePlus 9 Pro 128 GB, 8 GB RAM, Stellar Black, Smartphone]]>
            </line>
            <line>
              <![CDATA[OnePlus 9R 128 GB, 8 GB RAM, Lake Blue, Smartphone]]>
            </line>
            <line>
              <![CDATA[OnePlus 9R 128 GB, 8 GB RAM, Carbon Black, Smartphone]]>
            </line>
            <line>
              <![CDATA[OnePlus 9 128 GB, 8 GB RAM, Arctic Sky, Smartphone]]>
            </line>
            <line>
              <![CDATA[OnePlus 9 Pro 256 GB, 12 GB RAM, Stellar Black, Smartphone]]>
            </line>
            <line>
              <![CDATA[OnePlus 9 Pro 128 GB, 8 GB RAM, Morning Mist, Smartphone]]>
            </line>
            <line>
              <![CDATA[OnePlus 9 Pro 128 GB, 8 GB RAM, Pine Green, Smartphone]]>
            </line>
            <line>
              <![CDATA[OnePlus 9 Pro 256 GB, 12 GB RAM, Morning Mist, Smartphone]]>
            </line>
            <line>
              <![CDATA[OnePlus 9 Pro 256 GB, 12 GB RAM, Pine Green, Smartphone]]>
            </line>
            <line>
              <![CDATA[OnePlus 9 256 GB, 12 GB RAM, Winter Mist, Smartphone]]>
            </line>
            <line>
              <![CDATA[OnePlus 9 256 GB, 12 GB RAM, Astral Black, Smartphone]]>
            </line>
            <line>
              <![CDATA[Item is not searched]]>
            </line>
          </reporter-output>
        </test-method> <!-- Search -->
        <test-method status="PASS" signature="tearDown()[pri:0, instance:com.qa.testscript.TC_Reliance_01@544fe44c]" name="tearDown" is-config="true" duration-ms="4176" started-at="2021-06-28T12:29:37 IST" finished-at="2021-06-28T12:29:41 IST">
          <reporter-output>
          </reporter-output>
        </test-method> <!-- tearDown -->
      </class> <!-- com.qa.testscript.TC_Reliance_01 -->
    </test> <!-- FunctionalTesting -->
  </suite> <!-- Suite -->
</testng-results>
