<?xml version="1.0" encoding="UTF-8"?>
<testng-results skipped="0" failed="2" ignored="0" total="3" passed="1">
  <reporter-output>
    <line>
      <![CDATA[Apple iPhone 12 Pro 512 GB, Graphite]]>
    </line>
    <line>
      <![CDATA[Apple iPhone 12 Pro 128 GB, Gold]]>
    </line>
    <line>
      <![CDATA[Apple iPhone 12 Pro 256 GB, Gold]]>
    </line>
    <line>
      <![CDATA[Apple iPhone 12 Pro 256 GB, Pacific Blue]]>
    </line>
    <line>
      <![CDATA[Apple iPhone 12 Pro 128 GB, Pacific Blue]]>
    </line>
    <line>
      <![CDATA[Apple iPhone 11 Pro 64 GB, Gold (Includes Earpods and Adapter)]]>
    </line>
    <line>
      <![CDATA[Apple iPhone 11 Pro 256 GB, Gold (Includes Earpods and Adapter)]]>
    </line>
    <line>
      <![CDATA[Apple iPhone 11 Pro Max 64 GB, Midnight Green (Includes Earpods and Adapter)]]>
    </line>
    <line>
      <![CDATA[Apple iPhone 11 Pro Max 64 GB, Space Grey (Includes Earpods and Adapter)]]>
    </line>
    <line>
      <![CDATA[Apple iPhone 11 Pro Max 64 GB, Gold (Includes Earpods and Adapter)]]>
    </line>
    <line>
      <![CDATA[Apple iPhone 11 Pro 64 GB, Space Grey (Includes Earpods and Adapter)]]>
    </line>
    <line>
      <![CDATA[Apple iPhone 11 Pro 64 GB, Midnight Green (Includes Earpods and Adapter)]]>
    </line>
    <line>
      <![CDATA[Apple iPhone 11 Pro 256 GB, Space Grey (Includes Earpods and Adapter)]]>
    </line>
    <line>
      <![CDATA[iPhone 12 & 12 Pro Clear Case with MagSafe]]>
    </line>
    <line>
      <![CDATA[Apple iPhone 12 Pro 256 GB, Graphite]]>
    </line>
    <line>
      <![CDATA[Apple iPhone 12 Pro 128 GB, Graphite]]>
    </line>
    <line>
      <![CDATA[iPhone 12 & 12 Pro Silicone Case with MagSafe - Kumquat]]>
    </line>
    <line>
      <![CDATA[iPhone 12 & 12 Pro Silicone Case with MagSafe - Deep Navy]]>
    </line>
    <line>
      <![CDATA[iPhone 12 & 12 Pro Silicone Case with MagSafe - Pink Citrus]]>
    </line>
    <line>
      <![CDATA[iPhone 12 & 12 Pro Silicone Case with MagSafe - Plum]]>
    </line>
    <line>
      <![CDATA[iPhone 12 & 12 Pro Silicone Case with MagSafe - Black]]>
    </line>
    <line>
      <![CDATA[iPhone 12 & 12 Pro Silicone Case with MagSafe - White]]>
    </line>
    <line>
      <![CDATA[iPhone 12 & 12 Pro Silicone Case with MagSafe - (PRODUCT)RED]]>
    </line>
    <line>
      <![CDATA[Apple iPhone 12 Pro Max 256 GB, Pacific Blue]]>
    </line>
    <line>
      <![CDATA[Item is not searched]]>
    </line>
    <line>
      <![CDATA[OnePlus 9 256 GB, 12 GB RAM, Arctic Sky, Smartphone]]>
    </line>
    <line>
      <![CDATA[OnePlus 9R 256 GB, 12 GB RAM, Carbon Black, Smartphone]]>
    </line>
    <line>
      <![CDATA[OnePlus 9R 256 GB, 12 GB RAM, Lake Blue, Smartphone]]>
    </line>
    <line>
      <![CDATA[OnePlus 9 128 GB, 8 GB RAM, Astral Black, Smartphone]]>
    </line>
    <line>
      <![CDATA[OnePlus 9 Pro 128 GB, 8 GB RAM, Stellar Black, Smartphone]]>
    </line>
    <line>
      <![CDATA[OnePlus 9R 128 GB, 8 GB RAM, Lake Blue, Smartphone]]>
    </line>
    <line>
      <![CDATA[OnePlus 9R 128 GB, 8 GB RAM, Carbon Black, Smartphone]]>
    </line>
    <line>
      <![CDATA[OnePlus 9 128 GB, 8 GB RAM, Arctic Sky, Smartphone]]>
    </line>
    <line>
      <![CDATA[OnePlus 9 Pro 256 GB, 12 GB RAM, Stellar Black, Smartphone]]>
    </line>
    <line>
      <![CDATA[OnePlus 9 Pro 128 GB, 8 GB RAM, Morning Mist, Smartphone]]>
    </line>
    <line>
      <![CDATA[OnePlus 9 Pro 128 GB, 8 GB RAM, Pine Green, Smartphone]]>
    </line>
    <line>
      <![CDATA[OnePlus 9 Pro 256 GB, 12 GB RAM, Morning Mist, Smartphone]]>
    </line>
    <line>
      <![CDATA[OnePlus 9 Pro 256 GB, 12 GB RAM, Pine Green, Smartphone]]>
    </line>
    <line>
      <![CDATA[OnePlus 9 256 GB, 12 GB RAM, Winter Mist, Smartphone]]>
    </line>
    <line>
      <![CDATA[OnePlus 9 256 GB, 12 GB RAM, Astral Black, Smartphone]]>
    </line>
    <line>
      <![CDATA[Item is not searched]]>
    </line>
    <line>
      <![CDATA[PRODUCT CATEGORIES
Smartphones
Laptops
DSLR Cameras
Televisions
Air Conditioners
Refrigerators
Kitchen Appliances
Accessories
Personal Care & Grooming
SITE INFO
About Reliance Digital
resQ Services
Site Map
Gift Cards
Corporate Enquires
Contact Us
RESOURCE CENTRE
Product Reviews
Buying Guides
How Tos
Featured Stories
Events & Happenings
POLICIES
Terms of use
Cancellations & Returns
Privacy policy
E-waste policy
EMI Terms & Conditions
Pricing and Payments Policy]]>
    </line>
    <line>
      <![CDATA[FOLLOW US
EXPERIENCE RELIANCE DIGITAL APP ON MOBILE]]>
    </line>
    <line>
      <![CDATA[]]>
    </line>
  </reporter-output>
  <suite name="Suite" duration-ms="42212" started-at="2021-06-27T14:38:02Z" finished-at="2021-06-27T14:38:45Z">
    <groups>
    </groups>
    <test name="FunctionalTesting" duration-ms="42212" started-at="2021-06-27T14:38:02Z" finished-at="2021-06-27T14:38:45Z">
      <class name="com.qa.testscript.TC_Reliance_02">
        <test-method status="PASS" signature="setUp(java.lang.String, java.lang.String)[pri:0, instance:com.qa.testscript.TC_Reliance_02@57baeedf]" name="setUp" is-config="true" duration-ms="5937" started-at="2021-06-27T20:08:38Z" finished-at="2021-06-27T20:08:44Z">
          <params>
            <param index="0">
              <value>
                <![CDATA[chrome]]>
              </value>
            </param>
            <param index="1">
              <value>
                <![CDATA[https://www.reliancedigital.in/]]>
              </value>
            </param>
          </params>
          <reporter-output>
          </reporter-output>
        </test-method> <!-- setUp -->
        <test-method status="PASS" signature="FooterLinks()[pri:0, instance:com.qa.testscript.TC_Reliance_02@57baeedf]" name="FooterLinks" duration-ms="215" started-at="2021-06-27T20:08:44Z" finished-at="2021-06-27T20:08:44Z">
          <reporter-output>
            <line>
              <![CDATA[PRODUCT CATEGORIES
Smartphones
Laptops
DSLR Cameras
Televisions
Air Conditioners
Refrigerators
Kitchen Appliances
Accessories
Personal Care & Grooming
SITE INFO
About Reliance Digital
resQ Services
Site Map
Gift Cards
Corporate Enquires
Contact Us
RESOURCE CENTRE
Product Reviews
Buying Guides
How Tos
Featured Stories
Events & Happenings
POLICIES
Terms of use
Cancellations & Returns
Privacy policy
E-waste policy
EMI Terms & Conditions
Pricing and Payments Policy]]>
            </line>
            <line>
              <![CDATA[FOLLOW US
EXPERIENCE RELIANCE DIGITAL APP ON MOBILE]]>
            </line>
            <line>
              <![CDATA[]]>
            </line>
          </reporter-output>
        </test-method> <!-- FooterLinks -->
        <test-method status="PASS" signature="tearDown()[pri:0, instance:com.qa.testscript.TC_Reliance_02@57baeedf]" name="tearDown" is-config="true" duration-ms="337" started-at="2021-06-27T20:08:44Z" finished-at="2021-06-27T20:08:45Z">
          <reporter-output>
          </reporter-output>
        </test-method> <!-- tearDown -->
      </class> <!-- com.qa.testscript.TC_Reliance_02 -->
      <class name="com.qa.testscript.TC_Reliance_01">
        <test-method status="PASS" signature="setUp(java.lang.String, java.lang.String)[pri:0, instance:com.qa.testscript.TC_Reliance_01@42e26948]" name="setUp" is-config="true" duration-ms="6923" started-at="2021-06-27T20:08:03Z" finished-at="2021-06-27T20:08:10Z">
          <params>
            <param index="0">
              <value>
                <![CDATA[chrome]]>
              </value>
            </param>
            <param index="1">
              <value>
                <![CDATA[https://www.reliancedigital.in/]]>
              </value>
            </param>
          </params>
          <reporter-output>
          </reporter-output>
        </test-method> <!-- setUp -->
        <test-method status="FAIL" signature="Search(java.lang.String)[pri:0, instance:com.qa.testscript.TC_Reliance_01@42e26948]" name="Search" duration-ms="8969" started-at="2021-06-27T20:08:21Z" data-provider="getData" finished-at="2021-06-27T20:08:30Z">
          <params>
            <param index="0">
              <value>
                <![CDATA[Iphone 12 pro]]>
              </value>
            </param>
          </params>
          <exception class="java.lang.AssertionError">
            <message>
              <![CDATA[expected [true] but found [false]]]>
            </message>
            <full-stacktrace>
              <![CDATA[java.lang.AssertionError: expected [true] but found [false]
	at org.testng.Assert.fail(Assert.java:93)
	at org.testng.Assert.failNotEquals(Assert.java:512)
	at org.testng.Assert.assertTrue(Assert.java:41)
	at org.testng.Assert.assertTrue(Assert.java:51)
	at com.qa.testscript.TC_Reliance_01.Search(TC_Reliance_01.java:49)
	at sun.reflect.NativeMethodAccessorImpl.invoke0(Native Method)
	at sun.reflect.NativeMethodAccessorImpl.invoke(NativeMethodAccessorImpl.java:62)
	at sun.reflect.DelegatingMethodAccessorImpl.invoke(DelegatingMethodAccessorImpl.java:43)
	at java.lang.reflect.Method.invoke(Method.java:498)
	at org.testng.internal.MethodInvocationHelper.invokeMethod(MethodInvocationHelper.java:108)
	at org.testng.internal.Invoker.invokeMethod(Invoker.java:661)
	at org.testng.internal.Invoker.invokeTestMethod(Invoker.java:869)
	at org.testng.internal.Invoker.invokeTestMethods(Invoker.java:1193)
	at org.testng.internal.TestMethodWorker.invokeTestMethods(TestMethodWorker.java:126)
	at org.testng.internal.TestMethodWorker.run(TestMethodWorker.java:109)
	at org.testng.TestRunner.privateRun(TestRunner.java:744)
	at org.testng.TestRunner.run(TestRunner.java:602)
	at org.testng.SuiteRunner.runTest(SuiteRunner.java:380)
	at org.testng.SuiteRunner.runSequentially(SuiteRunner.java:375)
	at org.testng.SuiteRunner.privateRun(SuiteRunner.java:340)
	at org.testng.SuiteRunner.run(SuiteRunner.java:289)
	at org.testng.SuiteRunnerWorker.runSuite(SuiteRunnerWorker.java:52)
	at org.testng.SuiteRunnerWorker.run(SuiteRunnerWorker.java:86)
	at org.testng.TestNG.runSuitesSequentially(TestNG.java:1301)
	at org.testng.TestNG.runSuitesLocally(TestNG.java:1226)
	at org.testng.TestNG.runSuites(TestNG.java:1144)
	at org.testng.TestNG.run(TestNG.java:1115)
	at org.testng.remote.AbstractRemoteTestNG.run(AbstractRemoteTestNG.java:132)
	at org.testng.remote.RemoteTestNG.initAndRun(RemoteTestNG.java:230)
	at org.testng.remote.RemoteTestNG.main(RemoteTestNG.java:76)
]]>
            </full-stacktrace>
          </exception> <!-- java.lang.AssertionError -->
          <reporter-output>
            <line>
              <![CDATA[Apple iPhone 12 Pro 512 GB, Graphite]]>
            </line>
            <line>
              <![CDATA[Apple iPhone 12 Pro 128 GB, Gold]]>
            </line>
            <line>
              <![CDATA[Apple iPhone 12 Pro 256 GB, Gold]]>
            </line>
            <line>
              <![CDATA[Apple iPhone 12 Pro 256 GB, Pacific Blue]]>
            </line>
            <line>
              <![CDATA[Apple iPhone 12 Pro 128 GB, Pacific Blue]]>
            </line>
            <line>
              <![CDATA[Apple iPhone 11 Pro 64 GB, Gold (Includes Earpods and Adapter)]]>
            </line>
            <line>
              <![CDATA[Apple iPhone 11 Pro 256 GB, Gold (Includes Earpods and Adapter)]]>
            </line>
            <line>
              <![CDATA[Apple iPhone 11 Pro Max 64 GB, Midnight Green (Includes Earpods and Adapter)]]>
            </line>
            <line>
              <![CDATA[Apple iPhone 11 Pro Max 64 GB, Space Grey (Includes Earpods and Adapter)]]>
            </line>
            <line>
              <![CDATA[Apple iPhone 11 Pro Max 64 GB, Gold (Includes Earpods and Adapter)]]>
            </line>
            <line>
              <![CDATA[Apple iPhone 11 Pro 64 GB, Space Grey (Includes Earpods and Adapter)]]>
            </line>
            <line>
              <![CDATA[Apple iPhone 11 Pro 64 GB, Midnight Green (Includes Earpods and Adapter)]]>
            </line>
            <line>
              <![CDATA[Apple iPhone 11 Pro 256 GB, Space Grey (Includes Earpods and Adapter)]]>
            </line>
            <line>
              <![CDATA[iPhone 12 & 12 Pro Clear Case with MagSafe]]>
            </line>
            <line>
              <![CDATA[Apple iPhone 12 Pro 256 GB, Graphite]]>
            </line>
            <line>
              <![CDATA[Apple iPhone 12 Pro 128 GB, Graphite]]>
            </line>
            <line>
              <![CDATA[iPhone 12 & 12 Pro Silicone Case with MagSafe - Kumquat]]>
            </line>
            <line>
              <![CDATA[iPhone 12 & 12 Pro Silicone Case with MagSafe - Deep Navy]]>
            </line>
            <line>
              <![CDATA[iPhone 12 & 12 Pro Silicone Case with MagSafe - Pink Citrus]]>
            </line>
            <line>
              <![CDATA[iPhone 12 & 12 Pro Silicone Case with MagSafe - Plum]]>
            </line>
            <line>
              <![CDATA[iPhone 12 & 12 Pro Silicone Case with MagSafe - Black]]>
            </line>
            <line>
              <![CDATA[iPhone 12 & 12 Pro Silicone Case with MagSafe - White]]>
            </line>
            <line>
              <![CDATA[iPhone 12 & 12 Pro Silicone Case with MagSafe - (PRODUCT)RED]]>
            </line>
            <line>
              <![CDATA[Apple iPhone 12 Pro Max 256 GB, Pacific Blue]]>
            </line>
            <line>
              <![CDATA[Item is not searched]]>
            </line>
          </reporter-output>
        </test-method> <!-- Search -->
        <test-method status="FAIL" signature="Search(java.lang.String)[pri:0, instance:com.qa.testscript.TC_Reliance_01@42e26948]" name="Search" duration-ms="7119" started-at="2021-06-27T20:08:31Z" data-provider="getData" finished-at="2021-06-27T20:08:38Z">
          <params>
            <param index="0">
              <value>
                <![CDATA[oneplus 9r]]>
              </value>
            </param>
          </params>
          <exception class="java.lang.AssertionError">
            <message>
              <![CDATA[expected [true] but found [false]]]>
            </message>
            <full-stacktrace>
              <![CDATA[java.lang.AssertionError: expected [true] but found [false]
	at org.testng.Assert.fail(Assert.java:93)
	at org.testng.Assert.failNotEquals(Assert.java:512)
	at org.testng.Assert.assertTrue(Assert.java:41)
	at org.testng.Assert.assertTrue(Assert.java:51)
	at com.qa.testscript.TC_Reliance_01.Search(TC_Reliance_01.java:49)
	at sun.reflect.NativeMethodAccessorImpl.invoke0(Native Method)
	at sun.reflect.NativeMethodAccessorImpl.invoke(NativeMethodAccessorImpl.java:62)
	at sun.reflect.DelegatingMethodAccessorImpl.invoke(DelegatingMethodAccessorImpl.java:43)
	at java.lang.reflect.Method.invoke(Method.java:498)
	at org.testng.internal.MethodInvocationHelper.invokeMethod(MethodInvocationHelper.java:108)
	at org.testng.internal.Invoker.invokeMethod(Invoker.java:661)
	at org.testng.internal.Invoker.invokeTestMethod(Invoker.java:869)
	at org.testng.internal.Invoker.invokeTestMethods(Invoker.java:1193)
	at org.testng.internal.TestMethodWorker.invokeTestMethods(TestMethodWorker.java:126)
	at org.testng.internal.TestMethodWorker.run(TestMethodWorker.java:109)
	at org.testng.TestRunner.privateRun(TestRunner.java:744)
	at org.testng.TestRunner.run(TestRunner.java:602)
	at org.testng.SuiteRunner.runTest(SuiteRunner.java:380)
	at org.testng.SuiteRunner.runSequentially(SuiteRunner.java:375)
	at org.testng.SuiteRunner.privateRun(SuiteRunner.java:340)
	at org.testng.SuiteRunner.run(SuiteRunner.java:289)
	at org.testng.SuiteRunnerWorker.runSuite(SuiteRunnerWorker.java:52)
	at org.testng.SuiteRunnerWorker.run(SuiteRunnerWorker.java:86)
	at org.testng.TestNG.runSuitesSequentially(TestNG.java:1301)
	at org.testng.TestNG.runSuitesLocally(TestNG.java:1226)
	at org.testng.TestNG.runSuites(TestNG.java:1144)
	at org.testng.TestNG.run(TestNG.java:1115)
	at org.testng.remote.AbstractRemoteTestNG.run(AbstractRemoteTestNG.java:132)
	at org.testng.remote.RemoteTestNG.initAndRun(RemoteTestNG.java:230)
	at org.testng.remote.RemoteTestNG.main(RemoteTestNG.java:76)
]]>
            </full-stacktrace>
          </exception> <!-- java.lang.AssertionError -->
          <reporter-output>
            <line>
              <![CDATA[OnePlus 9 256 GB, 12 GB RAM, Arctic Sky, Smartphone]]>
            </line>
            <line>
              <![CDATA[OnePlus 9R 256 GB, 12 GB RAM, Carbon Black, Smartphone]]>
            </line>
            <line>
              <![CDATA[OnePlus 9R 256 GB, 12 GB RAM, Lake Blue, Smartphone]]>
            </line>
            <line>
              <![CDATA[OnePlus 9 128 GB, 8 GB RAM, Astral Black, Smartphone]]>
            </line>
            <line>
              <![CDATA[OnePlus 9 Pro 128 GB, 8 GB RAM, Stellar Black, Smartphone]]>
            </line>
            <line>
              <![CDATA[OnePlus 9R 128 GB, 8 GB RAM, Lake Blue, Smartphone]]>
            </line>
            <line>
              <![CDATA[OnePlus 9R 128 GB, 8 GB RAM, Carbon Black, Smartphone]]>
            </line>
            <line>
              <![CDATA[OnePlus 9 128 GB, 8 GB RAM, Arctic Sky, Smartphone]]>
            </line>
            <line>
              <![CDATA[OnePlus 9 Pro 256 GB, 12 GB RAM, Stellar Black, Smartphone]]>
            </line>
            <line>
              <![CDATA[OnePlus 9 Pro 128 GB, 8 GB RAM, Morning Mist, Smartphone]]>
            </line>
            <line>
              <![CDATA[OnePlus 9 Pro 128 GB, 8 GB RAM, Pine Green, Smartphone]]>
            </line>
            <line>
              <![CDATA[OnePlus 9 Pro 256 GB, 12 GB RAM, Morning Mist, Smartphone]]>
            </line>
            <line>
              <![CDATA[OnePlus 9 Pro 256 GB, 12 GB RAM, Pine Green, Smartphone]]>
            </line>
            <line>
              <![CDATA[OnePlus 9 256 GB, 12 GB RAM, Winter Mist, Smartphone]]>
            </line>
            <line>
              <![CDATA[OnePlus 9 256 GB, 12 GB RAM, Astral Black, Smartphone]]>
            </line>
            <line>
              <![CDATA[Item is not searched]]>
            </line>
          </reporter-output>
        </test-method> <!-- Search -->
        <test-method status="PASS" signature="tearDown()[pri:0, instance:com.qa.testscript.TC_Reliance_01@42e26948]" name="tearDown" is-config="true" duration-ms="248" started-at="2021-06-27T20:08:38Z" finished-at="2021-06-27T20:08:38Z">
          <reporter-output>
          </reporter-output>
        </test-method> <!-- tearDown -->
      </class> <!-- com.qa.testscript.TC_Reliance_01 -->
    </test> <!-- FunctionalTesting -->
  </suite> <!-- Suite -->
</testng-results>
